Removed Pin From Net: NetName=GND Pin=C12-1
Removed Pin From Net: NetName=NetC11_2 Pin=C12-2
Removed Pin From Net: NetName=GND Pin=C13-2
Removed Pin From Net: NetName=GND Pin=C15-1
Removed Pin From Net: NetName=+5V Pin=C15-2
Removed Pin From Net: NetName=GND Pin=C16-1
Removed Pin From Net: NetName=+5V Pin=C17-2
Removed Pin From Net: NetName=GND Pin=D2-1
Removed Pin From Net: NetName=NetC11_2 Pin=L4-1
Removed Pin From Net: NetName=+5V Pin=L5-2
Removed Pin From Net: NetName=+5V Pin=P1-1
Removed Pin From Net: NetName=NetC9_2 Pin=P3-1
Removed Pin From Net: NetName=+5V Pin=R6-2
Removed Pin From Net: NetName=GND Pin=R7-2
Removed Pin From Net: NetName=GND Pin=R8-1
Removed Pin From Net: NetName=+5V Pin=U4-1
Removed Pin From Net: NetName=GND Pin=U4-9
Removed Pin From Net: NetName=GND Pin=U4-10
Removed Pin From Net: NetName=GND Pin=U4-GND
Change Component Designator: OldDesignator=LCD  NewDesignator=LCD
Change Component Designator: OldDesignator=P3 NewDesignator=Power
Change Component Designator: OldDesignator=P5 NewDesignator=Control
Added Pin To Net: NetName=+5V Pin=C8-2
Added Pin To Net: NetName=NetC9_2 Pin=C15-2
Added Pin To Net: NetName=NetC9_2 Pin=C17-2
Added Pin To Net: NetName=NetC9_2 Pin=L5-2
Added Pin To Net: NetName=NetC11_2 Pin=P1-1
Added Pin To Net: NetName=NetC9_2 Pin=R6-2
Added Pin To Net: NetName=+5V Pin=U2-1
Added Pin To Net: NetName=NetC9_2 Pin=U4-1
Change Net Name : Old Net Name=NetC11_2 New Net Name=+12V
Change Net Name : Old Net Name=NetLCD _2 New Net Name=NetLCD_2
Change Net Name : Old Net Name=NetLCD _3 New Net Name=NetLCD_3
Change Net Name : Old Net Name=NetP5_2 New Net Name=NetControl_2
Change Net Name : Old Net Name=NetP5_3 New Net Name=NetControl_3
Change Net Name : Old Net Name=NetP5_4 New Net Name=NetControl_4
Added Pin To Net: NetName=NetC12_2 Pin=C12-2
Added Pin To Net: NetName=NetC12_2 Pin=L4-1
Added Pin To Net: NetName=NetC12_2 Pin=Power-1
Added Net: Name=NetC12_2
Added Member To Class: ClassName=SE-HV00-02 Member=Component LCD B4B-XH-A
