Removed Pin From Net: NetName=HVFBX Pin=D3-2
Removed Pin From Net: NetName=HVFBX Pin=R16-2
Removed Pin From Net: NetName=NetC24_2 Pin=R27-1
Removed Pin From Net: NetName=NetC32_2 Pin=R31-1
Removed Pin From Net: NetName=NetD6_1 Pin=T1-10
Removed Member From Class: ClassName=HV Member=HVFBX
Removed Member From Class: ClassName=HV Member=NetD3_1
Change Component Library : Designator=T1 Old Library=D_klase.IntLib New Library=D_klase.SchLib
Added Pin To Net: NetName=HVFBX Pin=D3-1
Added Pin To Net: NetName=NetD5_3 Pin=Q1-5
Added Pin To Net: NetName=NetC30_2 Pin=R16-2
Added Pin To Net: NetName=NetC32_2 Pin=R27-1
Added Pin To Net: NetName=NetC24_2 Pin=R31-1
Added Pin To Net: NetName=NetD6_1 Pin=T1-6
Change Net Name : Old Net Name=HVFBX New Net Name=NetC22_2
Added Pin To Net: NetName=NetD3_2 Pin=D3-2
Added Pin To Net: NetName=NetD3_2 Pin=T1-10
Added Net: Name=NetD3_2
Added Member To Class: ClassName=HV Member=Wire NetC22_2
Added Member To Class: ClassName=HV Member=Wire NetD3_2
